<?xml version="1.0" encoding="UTF-8"?>
<testsuite xmlns:xsi="http://www.w3.org/2001/XMLSchema-instance" xsi:noNamespaceSchemaLocation="https://maven.apache.org/surefire/maven-surefire-plugin/xsd/surefire-test-report.xsd" name="TestSuite" time="24.394" tests="14" errors="0" skipped="0" failures="0">
  <properties>
    <property name="java.specification.version" value="17"/>
    <property name="sun.jnu.encoding" value="UTF-8"/>
    <property name="java.class.path" value="/home/yskyba/api-test-projects/target/test-classes:/home/yskyba/api-test-projects/target/classes:/home/yskyba/.m2/repository/io/rest-assured/rest-assured/4.3.3/rest-assured-4.3.3.jar:/home/yskyba/.m2/repository/org/codehaus/groovy/groovy/3.0.7/groovy-3.0.7.jar:/home/yskyba/.m2/repository/org/codehaus/groovy/groovy-xml/3.0.7/groovy-xml-3.0.7.jar:/home/yskyba/.m2/repository/org/apache/httpcomponents/httpclient/4.5.3/httpclient-4.5.3.jar:/home/yskyba/.m2/repository/org/apache/httpcomponents/httpcore/4.4.6/httpcore-4.4.6.jar:/home/yskyba/.m2/repository/commons-logging/commons-logging/1.2/commons-logging-1.2.jar:/home/yskyba/.m2/repository/commons-codec/commons-codec/1.9/commons-codec-1.9.jar:/home/yskyba/.m2/repository/org/apache/httpcomponents/httpmime/4.5.3/httpmime-4.5.3.jar:/home/yskyba/.m2/repository/org/hamcrest/hamcrest/2.1/hamcrest-2.1.jar:/home/yskyba/.m2/repository/org/ccil/cowan/tagsoup/tagsoup/1.2.1/tagsoup-1.2.1.jar:/home/yskyba/.m2/repository/io/rest-assured/json-path/4.3.3/json-path-4.3.3.jar:/home/yskyba/.m2/repository/org/codehaus/groovy/groovy-json/3.0.7/groovy-json-3.0.7.jar:/home/yskyba/.m2/repository/io/rest-assured/rest-assured-common/4.3.3/rest-assured-common-4.3.3.jar:/home/yskyba/.m2/repository/io/rest-assured/xml-path/4.3.3/xml-path-4.3.3.jar:/home/yskyba/.m2/repository/org/apache/commons/commons-lang3/3.11/commons-lang3-3.11.jar:/home/yskyba/.m2/repository/jakarta/xml/bind/jakarta.xml.bind-api/2.3.3/jakarta.xml.bind-api-2.3.3.jar:/home/yskyba/.m2/repository/jakarta/activation/jakarta.activation-api/1.2.2/jakarta.activation-api-1.2.2.jar:/home/yskyba/.m2/repository/com/sun/xml/bind/jaxb-impl/2.3.3/jaxb-impl-2.3.3.jar:/home/yskyba/.m2/repository/com/fasterxml/jackson/core/jackson-databind/2.11.2/jackson-databind-2.11.2.jar:/home/yskyba/.m2/repository/com/fasterxml/jackson/core/jackson-annotations/2.11.2/jackson-annotations-2.11.2.jar:/home/yskyba/.m2/repository/com/fasterxml/jackson/core/jackson-core/2.11.2/jackson-core-2.11.2.jar:/home/yskyba/.m2/repository/org/testng/testng/7.1.0/testng-7.1.0.jar:/home/yskyba/.m2/repository/com/beust/jcommander/1.72/jcommander-1.72.jar:/home/yskyba/.m2/repository/com/google/inject/guice/4.1.0/guice-4.1.0-no_aop.jar:/home/yskyba/.m2/repository/javax/inject/javax.inject/1/javax.inject-1.jar:/home/yskyba/.m2/repository/aopalliance/aopalliance/1.0/aopalliance-1.0.jar:/home/yskyba/.m2/repository/com/google/guava/guava/19.0/guava-19.0.jar:/home/yskyba/.m2/repository/org/yaml/snakeyaml/1.21/snakeyaml-1.21.jar:"/>
    <property name="java.vm.vendor" value="Oracle Corporation"/>
    <property name="sun.arch.data.model" value="64"/>
    <property name="java.vendor.url" value="https://java.oracle.com/"/>
    <property name="os.name" value="Linux"/>
    <property name="java.vm.specification.version" value="17"/>
    <property name="sun.java.launcher" value="SUN_STANDARD"/>
    <property name="user.country" value="US"/>
    <property name="sun.boot.library.path" value="/usr/java/jdk-17.0.5/lib"/>
    <property name="sun.java.command" value="/home/yskyba/api-test-projects/target/surefire/surefirebooter1508294437199916594.jar /home/yskyba/api-test-projects/target/surefire 2024-06-14T17-43-35_984-jvmRun1 surefire17953289821820905900tmp surefire_012478183068773177652tmp"/>
    <property name="jdk.debug" value="release"/>
    <property name="surefire.test.class.path" value="/home/yskyba/api-test-projects/target/test-classes:/home/yskyba/api-test-projects/target/classes:/home/yskyba/.m2/repository/io/rest-assured/rest-assured/4.3.3/rest-assured-4.3.3.jar:/home/yskyba/.m2/repository/org/codehaus/groovy/groovy/3.0.7/groovy-3.0.7.jar:/home/yskyba/.m2/repository/org/codehaus/groovy/groovy-xml/3.0.7/groovy-xml-3.0.7.jar:/home/yskyba/.m2/repository/org/apache/httpcomponents/httpclient/4.5.3/httpclient-4.5.3.jar:/home/yskyba/.m2/repository/org/apache/httpcomponents/httpcore/4.4.6/httpcore-4.4.6.jar:/home/yskyba/.m2/repository/commons-logging/commons-logging/1.2/commons-logging-1.2.jar:/home/yskyba/.m2/repository/commons-codec/commons-codec/1.9/commons-codec-1.9.jar:/home/yskyba/.m2/repository/org/apache/httpcomponents/httpmime/4.5.3/httpmime-4.5.3.jar:/home/yskyba/.m2/repository/org/hamcrest/hamcrest/2.1/hamcrest-2.1.jar:/home/yskyba/.m2/repository/org/ccil/cowan/tagsoup/tagsoup/1.2.1/tagsoup-1.2.1.jar:/home/yskyba/.m2/repository/io/rest-assured/json-path/4.3.3/json-path-4.3.3.jar:/home/yskyba/.m2/repository/org/codehaus/groovy/groovy-json/3.0.7/groovy-json-3.0.7.jar:/home/yskyba/.m2/repository/io/rest-assured/rest-assured-common/4.3.3/rest-assured-common-4.3.3.jar:/home/yskyba/.m2/repository/io/rest-assured/xml-path/4.3.3/xml-path-4.3.3.jar:/home/yskyba/.m2/repository/org/apache/commons/commons-lang3/3.11/commons-lang3-3.11.jar:/home/yskyba/.m2/repository/jakarta/xml/bind/jakarta.xml.bind-api/2.3.3/jakarta.xml.bind-api-2.3.3.jar:/home/yskyba/.m2/repository/jakarta/activation/jakarta.activation-api/1.2.2/jakarta.activation-api-1.2.2.jar:/home/yskyba/.m2/repository/com/sun/xml/bind/jaxb-impl/2.3.3/jaxb-impl-2.3.3.jar:/home/yskyba/.m2/repository/com/fasterxml/jackson/core/jackson-databind/2.11.2/jackson-databind-2.11.2.jar:/home/yskyba/.m2/repository/com/fasterxml/jackson/core/jackson-annotations/2.11.2/jackson-annotations-2.11.2.jar:/home/yskyba/.m2/repository/com/fasterxml/jackson/core/jackson-core/2.11.2/jackson-core-2.11.2.jar:/home/yskyba/.m2/repository/org/testng/testng/7.1.0/testng-7.1.0.jar:/home/yskyba/.m2/repository/com/beust/jcommander/1.72/jcommander-1.72.jar:/home/yskyba/.m2/repository/com/google/inject/guice/4.1.0/guice-4.1.0-no_aop.jar:/home/yskyba/.m2/repository/javax/inject/javax.inject/1/javax.inject-1.jar:/home/yskyba/.m2/repository/aopalliance/aopalliance/1.0/aopalliance-1.0.jar:/home/yskyba/.m2/repository/com/google/guava/guava/19.0/guava-19.0.jar:/home/yskyba/.m2/repository/org/yaml/snakeyaml/1.21/snakeyaml-1.21.jar:"/>
    <property name="sun.cpu.endian" value="little"/>
    <property name="user.home" value="/home/yskyba"/>
    <property name="user.language" value="en"/>
    <property name="java.specification.vendor" value="Oracle Corporation"/>
    <property name="java.version.date" value="2022-10-18"/>
    <property name="java.home" value="/usr/java/jdk-17.0.5"/>
    <property name="file.separator" value="/"/>
    <property name="basedir" value="/home/yskyba/api-test-projects"/>
    <property name="java.vm.compressedOopsMode" value="Zero based"/>
    <property name="line.separator" value="&#10;"/>
    <property name="java.vm.specification.vendor" value="Oracle Corporation"/>
    <property name="java.specification.name" value="Java Platform API Specification"/>
    <property name="surefire.real.class.path" value="/home/yskyba/api-test-projects/target/surefire/surefirebooter1508294437199916594.jar"/>
    <property name="sun.management.compiler" value="HotSpot 64-Bit Tiered Compilers"/>
    <property name="java.runtime.version" value="17.0.5+9-LTS-191"/>
    <property name="user.name" value="yskyba"/>
    <property name="path.separator" value=":"/>
    <property name="os.version" value="5.15.0-3.60.5.1.el8uek.x86_64"/>
    <property name="java.runtime.name" value="Java(TM) SE Runtime Environment"/>
    <property name="file.encoding" value="UTF-8"/>
    <property name="java.vm.name" value="Java HotSpot(TM) 64-Bit Server VM"/>
    <property name="localRepository" value="/home/yskyba/.m2/repository"/>
    <property name="java.vendor.url.bug" value="https://bugreport.java.com/bugreport/"/>
    <property name="java.io.tmpdir" value="/tmp"/>
    <property name="java.version" value="17.0.5"/>
    <property name="user.dir" value="/home/yskyba/api-test-projects"/>
    <property name="os.arch" value="amd64"/>
    <property name="java.vm.specification.name" value="Java Virtual Machine Specification"/>
    <property name="native.encoding" value="UTF-8"/>
    <property name="java.library.path" value="/usr/java/packages/lib:/usr/lib64:/lib64:/lib:/usr/lib"/>
    <property name="java.vm.info" value="mixed mode, sharing"/>
    <property name="java.vendor" value="Oracle Corporation"/>
    <property name="java.vm.version" value="17.0.5+9-LTS-191"/>
    <property name="sun.io.unicode.encoding" value="UnicodeLittle"/>
    <property name="java.class.version" value="61.0"/>
  </properties>
  <testcase name="testCreatePetWithIncorrectInputData" classname="tests.CreatePetTests" time="5.011"/>
  <testcase name="testFailedCreatePetWithEmptyBody" classname="tests.CreatePetTests" time="0.754"/>
  <testcase name="testSuccessCreatePet" classname="tests.CreatePetTests" time="1.122"/>
  <testcase name="testSuccessUpdatePet" classname="tests.UpdatePetTests" time="0.742"/>
  <testcase name="testUpdatePetWithEmptyBody" classname="tests.UpdatePetTests" time="1.03"/>
  <testcase name="testUpdatePetWithInvalidId" classname="tests.UpdatePetTests" time="1.026"/>
  <testcase name="testUpdatePetWithNotFoundId" classname="tests.UpdatePetTests" time="1.028"/>
  <testcase name="testSuccessDeletePet" classname="tests.DeletePetTests" time="1.063"/>
  <testcase name="testGetPetWithInvalidStatus" classname="tests.GetPetTests" time="0.905"/>
  <testcase name="testGetPetWithNoExistId" classname="tests.GetPetTests" time="0.814"/>
  <testcase name="testSuccessGetPetById" classname="tests.GetPetTests" time="0.701"/>
  <testcase name="testSuccessGetPetByStatus" classname="tests.GetPetTests" time="1.191"/>
  <testcase name="testSuccessGetPetByStatus" classname="tests.GetPetTests" time="1.192"/>
  <testcase name="testSuccessGetPetByStatus" classname="tests.GetPetTests" time="0.698"/>
</testsuite>