<?xml version="1.0" encoding="UTF-8"?>
<!-- Generated by org.testng.reporters.JUnitReportReporter -->
<testsuite hostname="localhost.localdomain" failures="0" tests="4" name="tests.UpdatePetTests" time="3.827" errors="0" timestamp="2024-06-14T17:44:01 EEST" skipped="0">
  <testcase classname="tests.UpdatePetTests" name="testSuccessUpdatePet" time="0.743"/>
  <system-out/>
  <testcase classname="tests.UpdatePetTests" name="testUpdatePetWithInvalidId" time="1.026"/>
  <system-out/>
  <testcase classname="tests.UpdatePetTests" name="testUpdatePetWithNotFoundId" time="1.028"/>
  <system-out/>
  <testcase classname="tests.UpdatePetTests" name="testUpdatePetWithEmptyBody" time="1.030"/>
  <system-out/>
</testsuite> <!-- tests.UpdatePetTests -->
