<?xml version="1.0" encoding="UTF-8"?>
<!-- Generated by org.testng.reporters.JUnitReportReporter -->
<testsuite hostname="localhost.localdomain" failures="0" tests="3" name="tests.CreatePetTests" time="6.884" errors="0" timestamp="2024-06-14T17:44:01 EEST" skipped="0">
  <testcase classname="tests.CreatePetTests" name="testSuccessCreatePet" time="1.121"/>
  <system-out/>
  <testcase classname="tests.CreatePetTests" name="testFailedCreatePetWithEmptyBody" time="0.756"/>
  <system-out/>
  <testcase classname="tests.CreatePetTests" name="testCreatePetWithIncorrectInputData" time="5.007"/>
  <system-out/>
</testsuite> <!-- tests.CreatePetTests -->
