<?xml version="1.0" encoding="UTF-8"?>
<!-- Generated by org.testng.reporters.JUnitReportReporter -->
<testsuite hostname="localhost.localdomain" failures="0" tests="6" name="tests.GetPetTests" time="5.498" errors="0" timestamp="2024-06-14T17:44:01 EEST" skipped="0">
  <testcase classname="tests.GetPetTests" name="testSuccessGetPetByStatus" time="0.698"/>
  <system-out/>
  <testcase classname="tests.GetPetTests" name="testGetPetWithNoExistId" time="0.814"/>
  <system-out/>
  <testcase classname="tests.GetPetTests" name="testSuccessGetPetById" time="0.700"/>
  <system-out/>
  <testcase classname="tests.GetPetTests" name="testSuccessGetPetByStatus" time="1.196"/>
  <system-out/>
  <testcase classname="tests.GetPetTests" name="testGetPetWithInvalidStatus" time="0.904"/>
  <system-out/>
  <testcase classname="tests.GetPetTests" name="testSuccessGetPetByStatus" time="1.186"/>
  <system-out/>
</testsuite> <!-- tests.GetPetTests -->
