<?xml version="1.0" encoding="UTF-8"?>
<!-- Generated by org.testng.reporters.JUnitReportReporter -->
<testsuite hostname="localhost.localdomain" failures="0" tests="1" name="tests.DeletePetTests" time="1.063" errors="0" timestamp="2024-06-14T17:44:01 EEST" skipped="0">
  <testcase classname="tests.DeletePetTests" name="testSuccessDeletePet" time="1.063"/>
  <system-out/>
</testsuite> <!-- tests.DeletePetTests -->
